<?xml version="1.0" encoding="UTF-8"?>
<!-- Generated by org.testng.reporters.JUnitXMLReporter -->
<testsuite ignored="0" hostname="DESKTOP-IRUI47D" failures="1" tests="3" name="Bikes" time="63.445" errors="0" timestamp="2024-01-17T17:36:21 IST">
  <testcase classname="Bikes.Hero" name="hero" time="32.407"/>
  <testcase classname="Bikes.Suzuki" name="suzuki" time="0.007">
    <failure type="java.lang.IllegalStateException" message="The driver executable does not exist: C:\java\SeleniumPracticeProject\,.\drivers\chromedriver.exe">
      <![CDATA[java.lang.IllegalStateException: The driver executable does not exist: C:\java\SeleniumPracticeProject\,.\drivers\chromedriver.exe
at com.google.common.base.Preconditions.checkState(Preconditions.java:585)
at org.openqa.selenium.remote.service.DriverService.checkExecutable(DriverService.java:146)
at org.openqa.selenium.remote.service.DriverService.findExecutable(DriverService.java:141)
at org.openqa.selenium.chrome.ChromeDriverService.access$000(ChromeDriverService.java:35)
at org.openqa.selenium.chrome.ChromeDriverService$Builder.findDefaultExecutable(ChromeDriverService.java:159)
at org.openqa.selenium.remote.service.DriverService$Builder.build(DriverService.java:355)
at org.openqa.selenium.chrome.ChromeDriverService.createDefaultService(ChromeDriverService.java:94)
at org.openqa.selenium.chrome.ChromeDriver.<init>(ChromeDriver.java:123)
at Bikes.Suzuki.suzuki(Suzuki.java:12)
at java.base/java.util.ArrayList.forEach(ArrayList.java:1511)
... Removed 27 stack frames]]>
    </failure>
  </testcase> <!-- suzuki -->
  <testcase classname="Bikes.Yamaha" name="yamaha" time="30.944"/>
</testsuite> <!-- Bikes -->
